20231028 081300.250 INFO             PET0 Running with ESMF Version 7.1.0r
20231028 081300.251 INFO             PET0 Finalizing ESMF
20231028 081300.290 INFO             PET0 Running with ESMF Version 7.1.0r
20231028 081300.290 INFO             PET0 Finalizing ESMF
20231028 081300.330 INFO             PET0 Running with ESMF Version 7.1.0r
20231028 081304.243 ERROR            PET0 /d1/haley/src/esmf-7.1.0r/src/Infrastructure/IO/interface/ESMC_IOScrip2ESMF.C:48 handle_error Internal error: Bad condition  - line 240: NetCDF error: No such file or directory
20231028 081304.243 ERROR            PET0 ESMF_IOScrip.F90:1096 ESMF_OutputScripWeightFile Invalid object  - Internal subroutine call returned Error
20231028 081304.244 ERROR            PET0 ESMF_RegridWeightGen.F90:1745 ESMF_RegridWeightGenFile Invalid object  - Internal subroutine call returned Error
20231028 081304.244 INFO             PET0 Finalizing ESMF
20231028 081346.818 INFO             PET0 Running with ESMF Version 7.1.0r
20231028 081346.818 INFO             PET0 Finalizing ESMF
20231028 081346.853 INFO             PET0 Running with ESMF Version 7.1.0r
20231028 081346.854 INFO             PET0 Finalizing ESMF
20231028 081346.893 INFO             PET0 Running with ESMF Version 7.1.0r
20231028 081351.077 INFO             PET0 Finalizing ESMF
20231028 081747.217 INFO             PET0 Running with ESMF Version 7.1.0r
20231028 081747.217 INFO             PET0 Finalizing ESMF
20231028 081747.264 INFO             PET0 Running with ESMF Version 7.1.0r
20231028 081747.265 INFO             PET0 Finalizing ESMF
20231028 081747.307 INFO             PET0 Running with ESMF Version 7.1.0r
20231028 081751.490 INFO             PET0 Finalizing ESMF
20231028 084631.272 INFO             PET0 Running with ESMF Version 7.1.0r
20231028 084631.272 INFO             PET0 Finalizing ESMF
20231028 084631.311 INFO             PET0 Running with ESMF Version 7.1.0r
20231028 084631.312 INFO             PET0 Finalizing ESMF
20231028 084631.354 INFO             PET0 Running with ESMF Version 7.1.0r
20231028 084644.858 INFO             PET0 Finalizing ESMF
20231028 084656.857 INFO             PET0 Running with ESMF Version 7.1.0r
20231028 084656.857 INFO             PET0 Finalizing ESMF
20231028 084656.895 INFO             PET0 Running with ESMF Version 7.1.0r
20231028 084656.896 INFO             PET0 Finalizing ESMF
20231028 084656.935 INFO             PET0 Running with ESMF Version 7.1.0r
20231028 084701.288 INFO             PET0 Finalizing ESMF
